<?xml version="1.0" encoding="UTF-8"?>
<!-- Generated by org.testng.reporters.JUnitReportReporter -->
<testsuite hostname="de-adn-25blm32" failures="0" tests="7" name="com.javawebtutor.jsf.SeleniumIntegration" time="0.031" errors="1" timestamp="2020-11-03T10:19:23 MEZ" skipped="6">
  <testcase classname="com.javawebtutor.jsf.SeleniumIntegration" name="textChangeEmail" time="0.000">
    <skipped/>
  </testcase> <!-- textChangeEmail -->
  <system-out/>
  <testcase classname="com.javawebtutor.jsf.SeleniumIntegration" name="textChangeName" time="0.000">
    <skipped/>
  </testcase> <!-- textChangeName -->
  <system-out/>
  <testcase classname="com.javawebtutor.jsf.SeleniumIntegration" name="textChangeaccept" time="0.001">
    <skipped/>
  </testcase> <!-- textChangeaccept -->
  <system-out/>
  <testcase classname="com.javawebtutor.jsf.SeleniumIntegration" name="pressButtons" time="0.000">
    <skipped/>
  </testcase> <!-- pressButtons -->
  <system-out/>
  <testcase classname="com.javawebtutor.jsf.SeleniumIntegration" name="textChangeAddress" time="0.000">
    <skipped/>
  </testcase> <!-- textChangeAddress -->
  <system-out/>
  <testcase classname="com.javawebtutor.jsf.SeleniumIntegration" name="setUp" time="0.030">
    <error message="com/google/common/collect/ImmutableMap" type="java.lang.NoClassDefFoundError">
      <![CDATA[java.lang.NoClassDefFoundError: com/google/common/collect/ImmutableMap
at org.openqa.selenium.remote.service.DriverService$Builder.<init>(DriverService.java:259)
at org.openqa.selenium.chrome.ChromeDriverService$Builder.<init>(ChromeDriverService.java:101)
at org.openqa.selenium.chrome.ChromeDriverService.createDefaultService(ChromeDriverService.java:94)
at org.openqa.selenium.chrome.ChromeDriver.<init>(ChromeDriver.java:123)
at com.javawebtutor.jsf.SeleniumIntegration.setUp(SeleniumIntegration.java:35)
at java.base/jdk.internal.reflect.NativeMethodAccessorImpl.invoke0(Native Method)
at java.base/jdk.internal.reflect.NativeMethodAccessorImpl.invoke(NativeMethodAccessorImpl.java:64)
at java.base/jdk.internal.reflect.DelegatingMethodAccessorImpl.invoke(DelegatingMethodAccessorImpl.java:43)
at java.base/java.lang.reflect.Method.invoke(Method.java:564)
at org.testng.internal.MethodInvocationHelper.invokeMethod(MethodInvocationHelper.java:132)
at org.testng.internal.MethodInvocationHelper.invokeMethodConsideringTimeout(MethodInvocationHelper.java:61)
at org.testng.internal.ConfigInvoker.invokeConfigurationMethod(ConfigInvoker.java:366)
at org.testng.internal.ConfigInvoker.invokeConfigurations(ConfigInvoker.java:320)
at org.testng.internal.TestMethodWorker.invokeBeforeClassMethods(TestMethodWorker.java:176)
at org.testng.internal.TestMethodWorker.run(TestMethodWorker.java:122)
at java.base/java.util.ArrayList.forEach(ArrayList.java:1511)
at org.testng.TestRunner.privateRun(TestRunner.java:764)
at org.testng.TestRunner.run(TestRunner.java:585)
at org.testng.SuiteRunner.runTest(SuiteRunner.java:384)
at org.testng.SuiteRunner.runSequentially(SuiteRunner.java:378)
at org.testng.SuiteRunner.privateRun(SuiteRunner.java:337)
at org.testng.SuiteRunner.run(SuiteRunner.java:286)
at org.testng.SuiteRunnerWorker.runSuite(SuiteRunnerWorker.java:53)
at org.testng.SuiteRunnerWorker.run(SuiteRunnerWorker.java:96)
at org.testng.TestNG.runSuitesSequentially(TestNG.java:1218)
at org.testng.TestNG.runSuitesLocally(TestNG.java:1140)
at org.testng.TestNG.runSuites(TestNG.java:1069)
at org.testng.TestNG.run(TestNG.java:1037)
at org.testng.remote.AbstractRemoteTestNG.run(AbstractRemoteTestNG.java:115)
at org.testng.remote.RemoteTestNG.initAndRun(RemoteTestNG.java:251)
at org.testng.remote.RemoteTestNG.main(RemoteTestNG.java:77)
Caused by: java.lang.ClassNotFoundException: com.google.common.collect.ImmutableMap
at java.base/jdk.internal.loader.BuiltinClassLoader.loadClass(BuiltinClassLoader.java:606)
at java.base/jdk.internal.loader.ClassLoaders$AppClassLoader.loadClass(ClassLoaders.java:168)
at java.base/java.lang.ClassLoader.loadClass(ClassLoader.java:522)
... 31 more
]]>
    </error>
  </testcase> <!-- setUp -->
  <system-out/>
  <testcase classname="com.javawebtutor.jsf.SeleniumIntegration" name="textChangeTelephone" time="0.000">
    <skipped/>
  </testcase> <!-- textChangeTelephone -->
  <system-out/>
</testsuite> <!-- com.javawebtutor.jsf.SeleniumIntegration -->
